2022-12-26 02:55:10 [31merror[39m: test err: Error: test err
    at file:///C:/Users/ziome/OneDrive/Dokumenty/onlineLibrary/index.js:104:14
    at ModuleJob.run (node:internal/modules/esm/module_job:183:25)
    at async Loader.import (node:internal/modules/esm/loader:178:24)
    at async Object.loadESM (node:internal/process/esm_loader:68:5)
    at async handleMainPromise (node:internal/modules/run_main:63:12):
2023-01-13 18:06:01 [31merror[39m: Error setting 9Wa07l3raoXtz94T0J9w_Dr9KRAh1KCD to Session {
  cookie: {
    path: '/',
    _expires: 2023-01-13T18:05:18.555Z,
    originalMaxAge: 3600000,
    httpOnly: true,
    secure: true
  },
  flash: {}
}: connection 3 to 3.121.48.165:27017 closed: Error: Error setting 9Wa07l3raoXtz94T0J9w_Dr9KRAh1KCD to Session {
  cookie: {
    path: '/',
    _expires: 2023-01-13T18:05:18.555Z,
    originalMaxAge: 3600000,
    httpOnly: true,
    secure: true
  },
  flash: {}
}: connection 3 to 3.121.48.165:27017 closed
    at C:\Users\ziome\OneDrive\Dokumenty\onlineLibrary\node_modules\connect-mongodb-session\index.js:242:21
    at C:\Users\ziome\OneDrive\Dokumenty\onlineLibrary\node_modules\mongodb\lib\utils.js:361:17
    at C:\Users\ziome\OneDrive\Dokumenty\onlineLibrary\node_modules\mongodb\lib\operations\execute_operation.js:71:66
    at C:\Users\ziome\OneDrive\Dokumenty\onlineLibrary\node_modules\mongodb\lib\utils.js:371:9
    at completeEndSession (C:\Users\ziome\OneDrive\Dokumenty\onlineLibrary\node_modules\mongodb\lib\sessions.js:154:17)
    at C:\Users\ziome\OneDrive\Dokumenty\onlineLibrary\node_modules\mongodb\lib\sessions.js:166:13
    at maybePromise (C:\Users\ziome\OneDrive\Dokumenty\onlineLibrary\node_modules\mongodb\lib\utils.js:357:5)
    at ClientSession.endSession (C:\Users\ziome\OneDrive\Dokumenty\onlineLibrary\node_modules\mongodb\lib\sessions.js:133:41)
    at C:\Users\ziome\OneDrive\Dokumenty\onlineLibrary\node_modules\mongodb\lib\operations\execute_operation.js:71:36
    at retryOperation (C:\Users\ziome\OneDrive\Dokumenty\onlineLibrary\node_modules\mongodb\lib\operations\execute_operation.js:122:20):
